<?xml version="1.0" encoding="UTF-8"?>
<testng-results ignored="0" total="1" passed="1" failed="0" skipped="0">
  <reporter-output>
  </reporter-output>
  <suite started-at="2025-04-15T09:58:15 IST" name="Default suite" finished-at="2025-04-15T09:58:15 IST" duration-ms="102">
    <groups>
    </groups>
    <test started-at="2025-04-15T09:58:15 IST" name="Default test" finished-at="2025-04-15T09:58:15 IST" duration-ms="102">
      <class name="AutomateTestCases.sdhcsd">
        <test-method signature="mnas()[pri:0, instance:AutomateTestCases.sdhcsd@55a147cc]" started-at="2025-04-15T09:58:15 IST" name="mnas" finished-at="2025-04-15T09:58:15 IST" duration-ms="19" status="PASS">
          <reporter-output>
          </reporter-output>
        </test-method> <!-- mnas -->
      </class> <!-- AutomateTestCases.sdhcsd -->
    </test> <!-- Default test -->
  </suite> <!-- Default suite -->
</testng-results>
